#! /usr/share/iverilog-0.10.0/bin/vvp
:ivl_version "0.10.0 (devel)" "(v0_9_6)";
:ivl_delay_selection "TYPICAL";
:vpi_time_precision - 9;
:vpi_module "system";
:vpi_module "vhdl_sys";
:vpi_module "v2005_math";
:vpi_module "va_math";
:vpi_module "v2009";
S_0xf35630 .scope module, "fulladd_tb" "fulladd_tb" 2 36;
 .timescale -9 -9;
v0xf499c0_0 .var "a", 2 0;
v0xf49aa0_0 .var "b", 2 0;
v0xf49b70_0 .var "c_in", 0 0;
v0xf49c70_0 .net "c_out", 0 0, v0xf49730_0;  1 drivers
v0xf49d40_0 .net "sum", 2 0, v0xf497f0_0;  1 drivers
S_0xf337b0 .scope module, "fa0" "fulladd" 2 46, 3 48 0, S_0xf35630;
 .timescale -9 -9;
    .port_info 0 /INPUT 3 "a"
    .port_info 1 /INPUT 3 "b"
    .port_info 2 /INPUT 1 "c_in"
    .port_info 3 /OUTPUT 1 "c_out"
    .port_info 4 /OUTPUT 3 "sum"
v0xf33a00_0 .net "a", 2 0, v0xf499c0_0;  1 drivers
v0xf49580_0 .net "b", 2 0, v0xf49aa0_0;  1 drivers
v0xf49660_0 .net "c_in", 0 0, v0xf49b70_0;  1 drivers
v0xf49730_0 .var "c_out", 0 0;
v0xf497f0_0 .var "sum", 2 0;
E_0xf35b60 .event edge, v0xf49660_0, v0xf49580_0, v0xf33a00_0;
    .scope S_0xf337b0;
T_0 ;
    %wait E_0xf35b60;
    %load/v 8, v0xf33a00_0, 3;
    %pad 11, 0, 1;
    %load/v 12, v0xf49580_0, 3;
    %pad 15, 0, 1;
    %add 8, 12, 4;
    %load/v 12, v0xf49660_0, 1;
    %pad 13, 0, 3;
    %add 8, 12, 4;
    %set/v v0xf497f0_0, 8, 3;
    %set/v v0xf49730_0, 11, 1;
    %jmp T_0;
    .thread T_0, $push;
    .scope S_0xf35630;
T_1 ;
    %vpi_call/w 2 53 "$dumpfile", "dump.vcd" {0 0};
    %vpi_call/w 2 54 "$dumpvars", 2'sb01, S_0xf35630 {0 0};
    %movi 8, 1, 3;
    %set/v v0xf499c0_0, 8, 3;
    %set/v v0xf49aa0_0, 0, 3;
    %set/v v0xf49b70_0, 0, 1;
    %delay 10, 0;
    %vpi_call/w 2 59 "$display", "a = %d, b = %d, sum = %d, cout = %d", v0xf499c0_0, v0xf49aa0_0, v0xf49d40_0, v0xf49c70_0 {0 0};
    %movi 8, 3, 3;
    %set/v v0xf499c0_0, 8, 3;
    %set/v v0xf49aa0_0, 1, 3;
    %set/v v0xf49b70_0, 0, 1;
    %delay 10, 0;
    %vpi_call/w 2 64 "$display", "a = %d, b = %d, sum = %d, cout = %d", v0xf499c0_0, v0xf49aa0_0, v0xf49d40_0, v0xf49c70_0 {0 0};
    %movi 8, 5, 3;
    %set/v v0xf499c0_0, 8, 3;
    %movi 11, 1, 3;
    %set/v v0xf49aa0_0, 11, 3;
    %set/v v0xf49b70_0, 0, 1;
    %delay 10, 0;
    %vpi_call/w 2 69 "$display", "a = %d, b = %d, sum = %d, cout = %d", v0xf499c0_0, v0xf49aa0_0, v0xf49d40_0, v0xf49c70_0 {0 0};
    %vpi_call/w 2 70 "$finish" {0 0};
    %end;
    .thread T_1;
# The file index is used to find the file name in the following table.
:file_names 4;
    "N/A";
    "<interactive>";
    "testbench.sv";
    "design.sv";
