#! /usr/share/iverilog-0.10.0/bin/vvp
:ivl_version "0.10.0 (devel)" "(v0_9_6)";
:ivl_delay_selection "TYPICAL";
:vpi_time_precision - 9;
:vpi_module "system";
:vpi_module "vhdl_sys";
:vpi_module "v2005_math";
:vpi_module "va_math";
:vpi_module "v2009";
S_0x21a2410 .scope module, "bitwise_tb" "bitwise_tb" 2 9;
 .timescale -9 -9;
v0x21d6320_0 .var "t_x", 2 0;
v0x21d6410_0 .var "t_y", 2 0;
v0x21d64e0_0 .net "t_z", 2 0, L_0x21d65e0;  1 drivers
S_0x21a2590 .scope module, "bw1" "bitwise" 2 20, 3 3 0, S_0x21a2410;
 .timescale -9 -9;
    .port_info 0 /INPUT 3 "x"
    .port_info 1 /INPUT 3 "y"
    .port_info 2 /OUTPUT 3 "z"
L_0x21d65e0 .functor OR 3, v0x21d6320_0, v0x21d6410_0, C4<000>, C4<000>;
v0x21c3750_0 .net "x", 2 0, v0x21d6320_0;  1 drivers
v0x21d60d0_0 .net "y", 2 0, v0x21d6410_0;  1 drivers
v0x21d61b0_0 .net "z", 2 0, L_0x21d65e0;  alias, 1 drivers
    .scope S_0x21a2410;
T_0 ;
    %vpi_call/w 2 28 "$dumpfile", "bwt.vcd" {0 0};
    %vpi_call/w 2 29 "$dumpvars", 2'sb01, S_0x21a2410 {0 0};
    %movi 8, 3, 3;
    %set/v v0x21d6320_0, 8, 3;
    %movi 8, 4, 3;
    %set/v v0x21d6410_0, 8, 3;
    %delay 10, 0;
    %vpi_call/w 2 33 "$display", "x=%d, y=%d, z=%d", v0x21d6320_0, v0x21d6410_0, v0x21d64e0_0 {0 0};
    %set/v v0x21d6320_0, 1, 3;
    %movi 8, 5, 3;
    %set/v v0x21d6410_0, 8, 3;
    %delay 10, 0;
    %vpi_call/w 2 37 "$display", "x=%d, y=%d, z=%d", v0x21d6320_0, v0x21d6410_0, v0x21d64e0_0 {0 0};
    %set/v v0x21d6320_0, 0, 3;
    %movi 8, 1, 3;
    %set/v v0x21d6410_0, 8, 3;
    %delay 10, 0;
    %vpi_call/w 2 42 "$display", "x=%d, y=%d, z=%d", v0x21d6320_0, v0x21d6410_0, v0x21d64e0_0 {0 0};
    %movi 8, 3, 3;
    %set/v v0x21d6320_0, 8, 3;
    %movi 8, 3, 3;
    %set/v v0x21d6410_0, 8, 3;
    %delay 10, 0;
    %vpi_call/w 2 47 "$display", "x=%d, y=%d, z=%d", v0x21d6320_0, v0x21d6410_0, v0x21d64e0_0 {0 0};
    %vpi_call/w 2 50 "$finish" {0 0};
    %end;
    .thread T_0;
# The file index is used to find the file name in the following table.
:file_names 4;
    "N/A";
    "<interactive>";
    "testbench.sv";
    "design.sv";
