#! /usr/share/iverilog-0.10.0/bin/vvp
:ivl_version "0.10.0 (devel)" "(v0_9_6)";
:ivl_delay_selection "TYPICAL";
:vpi_time_precision - 9;
:vpi_module "system";
:vpi_module "vhdl_sys";
:vpi_module "v2005_math";
:vpi_module "va_math";
:vpi_module "v2009";
S_0x1204820 .scope module, "bitwise_tb" "bitwise_tb" 2 9;
 .timescale -9 -9;
v0x12295d0_0 .net "t_o", 0 0, L_0x1229a90;  1 drivers
v0x1229690_0 .var "t_x", 2 0;
v0x1229760_0 .var "t_y", 2 0;
v0x1229860_0 .net "t_z", 2 0, L_0x1229930;  1 drivers
S_0x1215b70 .scope module, "bw1" "bitwise" 2 20, 3 3 0, S_0x1204820;
 .timescale -9 -9;
    .port_info 0 /INPUT 3 "x"
    .port_info 1 /INPUT 3 "y"
    .port_info 2 /OUTPUT 3 "z"
    .port_info 3 /OUTPUT 1 "o"
L_0x1229930 .functor AND 3, v0x1229690_0, v0x1229760_0, C4<111>, C4<111>;
v0x11f2580_0 .net "o", 0 0, L_0x1229a90;  alias, 1 drivers
v0x1229270_0 .net "x", 2 0, v0x1229690_0;  1 drivers
v0x1229350_0 .net "y", 2 0, v0x1229760_0;  1 drivers
v0x1229440_0 .net "z", 2 0, L_0x1229930;  alias, 1 drivers
L_0x1229a90 .reduce/or L_0x1229930;
    .scope S_0x1204820;
T_0 ;
    %vpi_call/w 2 29 "$dumpfile", "bwt.vcd" {0 0};
    %vpi_call/w 2 30 "$dumpvars", 2'sb01, S_0x1204820 {0 0};
    %movi 8, 3, 3;
    %set/v v0x1229690_0, 8, 3;
    %movi 8, 4, 3;
    %set/v v0x1229760_0, 8, 3;
    %delay 10, 0;
    %vpi_call/w 2 34 "$display", "x=%d, y=%d, z=%d, o=%d", v0x1229690_0, v0x1229760_0, v0x1229860_0, v0x12295d0_0 {0 0};
    %set/v v0x1229690_0, 1, 3;
    %movi 8, 5, 3;
    %set/v v0x1229760_0, 8, 3;
    %delay 10, 0;
    %vpi_call/w 2 38 "$display", "x=%d, y=%d, z=%d, o=%d", v0x1229690_0, v0x1229760_0, v0x1229860_0, v0x12295d0_0 {0 0};
    %set/v v0x1229690_0, 0, 3;
    %movi 8, 1, 3;
    %set/v v0x1229760_0, 8, 3;
    %delay 10, 0;
    %vpi_call/w 2 43 "$display", "x=%d, y=%d, z=%d, o=%d", v0x1229690_0, v0x1229760_0, v0x1229860_0, v0x12295d0_0 {0 0};
    %movi 8, 3, 3;
    %set/v v0x1229690_0, 8, 3;
    %movi 8, 3, 3;
    %set/v v0x1229760_0, 8, 3;
    %delay 10, 0;
    %vpi_call/w 2 48 "$display", "x=%d, y=%d, z=%d, o=%d", v0x1229690_0, v0x1229760_0, v0x1229860_0, v0x12295d0_0 {0 0};
    %vpi_call/w 2 51 "$finish" {0 0};
    %end;
    .thread T_0;
# The file index is used to find the file name in the following table.
:file_names 4;
    "N/A";
    "<interactive>";
    "testbench.sv";
    "design.sv";
